[r[24;1H[2JP1pS(C0)S(E)T(A0)
T(D0,S1)
T(D90,S1)
T(D0,S1)
W(I2)
W(P1)
W(I2)
W(P1)
W(I2)
W(P1)
P[292,375]
v[]v[298,375]
P[558,375]
v[]v[552,375]
P[265,366]
T' 0'
W(I2)
W(P1)
W(I2)
W(P1)
W(I2)
W(P1)
P[292,324]
v[]v[298,324]
P[558,324]
v[]v[552,324]
P[247,315]
T' 100'
W(I2)
W(P1)
W(I2)
W(P1)
W(I2)
W(P1)
P[292,274]
v[]v[298,274]
P[558,274]
v[]v[552,274]
P[247,265]
T' 200'
W(I2)
W(P1)
W(I2)
W(P1)
W(I2)
W(P1)
P[292,223]
v[]v[298,223]
P[558,223]
v[]v[552,223]
P[247,214]
T' 300'
W(I2)
W(P1)
W(I2)
W(P1)
W(I2)
W(P1)
P[292,172]
v[]v[298,172]
P[558,172]
v[]v[552,172]
P[247,163]
T' 400'
W(I2)
W(P1)
W(I2)
W(P1)
W(I2)
W(P1)
P[292,121]
v[]v[298,121]
P[558,121]
v[]v[552,121]
P[247,112]
T' 500'
W(I2)
W(P1)
W(I2)
W(P1)
W(I2)
W(P1)
P[292,71]
v[]v[298,71]
P[558,71]
v[]v[552,71]
P[247,62]
T' 600'
W(I2)
W(P1)
W(I2)
W(P1)
W(I2)
W(P1)
P[292,20]
v[]v[298,20]
P[558,20]
v[]v[552,20]
P[247,11]
T' 700'
W(I2)
W(P1)
W(I2)
W(P1)
W(I2)
W(P1)
T(D0,S1)
P[292,375]
v[]v[292,367]
P[292,20]
v[]v[292,28]
P[283,386]
T' 1'
W(I2)
W(P1)
W(I2)
W(P1)
W(I2)
W(P1)
P[336,375]
v[]v[336,367]
P[336,20]
v[]v[336,28]
P[327,386]
T' 2'
W(I2)
W(P1)
W(I2)
W(P1)
W(I2)
W(P1)
P[381,375]
v[]v[381,367]
P[381,20]
v[]v[381,28]
P[372,386]
T' 3'
W(I2)
W(P1)
W(I2)
W(P1)
W(I2)
W(P1)
P[425,375]
v[]v[425,367]
P[425,20]
v[]v[425,28]
P[416,386]
T' 4'
W(I2)
W(P1)
W(I2)
W(P1)
W(I2)
W(P1)
P[469,375]
v[]v[469,367]
P[469,20]
v[]v[469,28]
P[460,386]
T' 5'
W(I2)
W(P1)
W(I2)
W(P1)
W(I2)
W(P1)
P[514,375]
v[]v[514,367]
P[514,20]
v[]v[514,28]
P[505,386]
T' 6'
W(I2)
W(P1)
W(I2)
W(P1)
W(I2)
W(P1)
P[558,375]
v[]v[558,367]
P[558,20]
v[]v[558,28]
P[549,386]
T' 7'
W(I2)
W(P1)
W(I2)
W(P1)
W(I2)
W(P1)
T(D0,S1)
W(I2)
W(P1)
W(I2)
W(P1)
W(I2)
W(P1)
P[292,20]
v[]v[292,375]
v[]v[558,375]
v[]v[558,20]
v[]v[292,20]
W(I2)
W(P1)
W(I2)
W(P1)
W(I2)
W(P1)
W(I2)
W(P1)
T(D90,S1)
P[216,288]
T'Pageviews'
T(D0,S1)
W(I2)
W(P1)
W(I2)
W(P1)
P[407,416]
T'Time'
W(I2)
W(P1)
W(I3)
W(P1)
W(I2)
W(P1)
P[309,29]
T'"data.dat" using 1:2'
W(I3)
W(P1)
P[498,38]
v[]v[540,38]
P[292,370]
v[]v[292,370]
v[]v[336,365]
v[]v[381,355]
v[]v[425,334]
v[]v[469,294]
v[]v[514,213]
v[]v[558,50]
W(I2)
W(P1)
W(I2)
W(P1)
W(I2)
W(P1)
W(I2)
W(P1)
W(I2)
W(P1)
W(I2)
W(P1)
P[292,20]
v[]v[292,375]
v[]v[558,375]
v[]v[558,20]
v[]v[292,20]
W(I2)
W(P1)
W(I2)
W(P1)
W(I2)
W(P1)
\[24;1H[2J[24;1H